<?xml version="1.0" encoding="UTF-8"?>
<testng-results skipped="0" failed="0" ignored="0" total="1" passed="1">
  <reporter-output>
  </reporter-output>
  <suite name="Suite" duration-ms="11821" started-at="2018-12-19T14:35:03Z" finished-at="2018-12-19T14:35:14Z">
    <groups>
    </groups>
    <test name="Test" duration-ms="11821" started-at="2018-12-19T14:35:03Z" finished-at="2018-12-19T14:35:14Z">
      <class name="testjenkins.test">
        <test-method status="PASS" signature="tittle()[pri:0, instance:testjenkins.test@28d25987]" name="tittle" duration-ms="10802" started-at="2018-12-19T14:35:03Z" finished-at="2018-12-19T14:35:13Z">
          <reporter-output>
          </reporter-output>
        </test-method> <!-- tittle -->
        <test-method status="PASS" signature="teardown()[pri:0, instance:testjenkins.test@28d25987]" name="teardown" is-config="true" duration-ms="971" started-at="2018-12-19T14:35:13Z" finished-at="2018-12-19T14:35:14Z">
          <reporter-output>
          </reporter-output>
        </test-method> <!-- teardown -->
      </class> <!-- testjenkins.test -->
    </test> <!-- Test -->
  </suite> <!-- Suite -->
</testng-results>
